C:\USERS\ALEXANDRE\DOCUMENTS\COURS\MASTER1_SOFTWAREENGINEERING\S1\HT1\COMPONENT_TECHNOLOGIES\ASSIGNMENT1\COM\MYCOMSHOP\MYCOMSHOP\MYCOMSHOP_I.C
C:\USERS\ALEXANDRE\DOCUMENTS\COURS\MASTER1_SOFTWAREENGINEERING\S1\HT1\COMPONENT_TECHNOLOGIES\ASSIGNMENT1\COM\MYCOMSHOP\MYCOMSHOP\MYCOMSHOP_I.H
C:\USERS\ALEXANDRE\DOCUMENTS\COURS\MASTER1_SOFTWAREENGINEERING\S1\HT1\COMPONENT_TECHNOLOGIES\ASSIGNMENT1\COM\MYCOMSHOP\MYCOMSHOP\MYCOMSHOP_P.C
C:\Users\Alexandre\Documents\Cours\Master1_SoftwareEngineering\S1\HT1\Component_Technologies\Assignment1\COM\myCOMShop\myCOMShop\Release\cl.command.1.tlog
C:\Users\Alexandre\Documents\Cours\Master1_SoftwareEngineering\S1\HT1\Component_Technologies\Assignment1\COM\myCOMShop\myCOMShop\Release\CL.read.1.tlog
C:\Users\Alexandre\Documents\Cours\Master1_SoftwareEngineering\S1\HT1\Component_Technologies\Assignment1\COM\myCOMShop\myCOMShop\Release\CL.write.1.tlog
C:\Users\Alexandre\Documents\Cours\Master1_SoftwareEngineering\S1\HT1\Component_Technologies\Assignment1\COM\myCOMShop\myCOMShop\Release\link.command.1.tlog
C:\Users\Alexandre\Documents\Cours\Master1_SoftwareEngineering\S1\HT1\Component_Technologies\Assignment1\COM\myCOMShop\myCOMShop\Release\link.read.1.tlog
C:\Users\Alexandre\Documents\Cours\Master1_SoftwareEngineering\S1\HT1\Component_Technologies\Assignment1\COM\myCOMShop\myCOMShop\Release\link.write.1.tlog
C:\Users\Alexandre\Documents\Cours\Master1_SoftwareEngineering\S1\HT1\Component_Technologies\Assignment1\COM\myCOMShop\myCOMShop\Release\link-cvtres.read.1.tlog
C:\Users\Alexandre\Documents\Cours\Master1_SoftwareEngineering\S1\HT1\Component_Technologies\Assignment1\COM\myCOMShop\myCOMShop\Release\link-cvtres.write.1.tlog
C:\Users\Alexandre\Documents\Cours\Master1_SoftwareEngineering\S1\HT1\Component_Technologies\Assignment1\COM\myCOMShop\myCOMShop\Release\midl.command.1.tlog
C:\Users\Alexandre\Documents\Cours\Master1_SoftwareEngineering\S1\HT1\Component_Technologies\Assignment1\COM\myCOMShop\myCOMShop\Release\midl.read.1.tlog
C:\Users\Alexandre\Documents\Cours\Master1_SoftwareEngineering\S1\HT1\Component_Technologies\Assignment1\COM\myCOMShop\myCOMShop\Release\midl.write.1.tlog
C:\Users\Alexandre\Documents\Cours\Master1_SoftwareEngineering\S1\HT1\Component_Technologies\Assignment1\COM\myCOMShop\myCOMShop\Release\midl-midlc.read.1.tlog
C:\Users\Alexandre\Documents\Cours\Master1_SoftwareEngineering\S1\HT1\Component_Technologies\Assignment1\COM\myCOMShop\myCOMShop\Release\midl-midlc.write.1.tlog
C:\Users\Alexandre\Documents\Cours\Master1_SoftwareEngineering\S1\HT1\Component_Technologies\Assignment1\COM\myCOMShop\myCOMShop\Release\midl-midlc-cl.read.1.tlog
C:\Users\Alexandre\Documents\Cours\Master1_SoftwareEngineering\S1\HT1\Component_Technologies\Assignment1\COM\myCOMShop\myCOMShop\Release\midl-midlc-cl.write.1.tlog
C:\Users\Alexandre\Documents\Cours\Master1_SoftwareEngineering\S1\HT1\Component_Technologies\Assignment1\COM\myCOMShop\myCOMShop\Release\mt.command.1.tlog
C:\Users\Alexandre\Documents\Cours\Master1_SoftwareEngineering\S1\HT1\Component_Technologies\Assignment1\COM\myCOMShop\myCOMShop\Release\mt.read.1.tlog
C:\Users\Alexandre\Documents\Cours\Master1_SoftwareEngineering\S1\HT1\Component_Technologies\Assignment1\COM\myCOMShop\myCOMShop\Release\mt.write.1.tlog
C:\USERS\ALEXANDRE\DOCUMENTS\COURS\MASTER1_SOFTWAREENGINEERING\S1\HT1\COMPONENT_TECHNOLOGIES\ASSIGNMENT1\COM\MYCOMSHOP\MYCOMSHOP\RELEASE\MYCOMSHOP.EXE.INTERMEDIATE.MANIFEST
C:\USERS\ALEXANDRE\DOCUMENTS\COURS\MASTER1_SOFTWAREENGINEERING\S1\HT1\COMPONENT_TECHNOLOGIES\ASSIGNMENT1\COM\MYCOMSHOP\MYCOMSHOP\RELEASE\MYCOMSHOP.OBJ
C:\USERS\ALEXANDRE\DOCUMENTS\COURS\MASTER1_SOFTWAREENGINEERING\S1\HT1\COMPONENT_TECHNOLOGIES\ASSIGNMENT1\COM\MYCOMSHOP\MYCOMSHOP\RELEASE\MYCOMSHOP.PCH
C:\USERS\ALEXANDRE\DOCUMENTS\COURS\MASTER1_SOFTWAREENGINEERING\S1\HT1\COMPONENT_TECHNOLOGIES\ASSIGNMENT1\COM\MYCOMSHOP\MYCOMSHOP\RELEASE\MYCOMSHOP.RES
C:\USERS\ALEXANDRE\DOCUMENTS\COURS\MASTER1_SOFTWAREENGINEERING\S1\HT1\COMPONENT_TECHNOLOGIES\ASSIGNMENT1\COM\MYCOMSHOP\MYCOMSHOP\RELEASE\MYCOMSHOP.TLB
C:\Users\Alexandre\Documents\Cours\Master1_SoftwareEngineering\S1\HT1\Component_Technologies\Assignment1\COM\myCOMShop\myCOMShop\Release\myCOMShop.write.1.tlog
C:\USERS\ALEXANDRE\DOCUMENTS\COURS\MASTER1_SOFTWAREENGINEERING\S1\HT1\COMPONENT_TECHNOLOGIES\ASSIGNMENT1\COM\MYCOMSHOP\MYCOMSHOP\RELEASE\MYCOMSHOP_I.OBJ
C:\USERS\ALEXANDRE\DOCUMENTS\COURS\MASTER1_SOFTWAREENGINEERING\S1\HT1\COMPONENT_TECHNOLOGIES\ASSIGNMENT1\COM\MYCOMSHOP\MYCOMSHOP\RELEASE\MYSHOP.OBJ
C:\Users\Alexandre\Documents\Cours\Master1_SoftwareEngineering\S1\HT1\Component_Technologies\Assignment1\COM\myCOMShop\myCOMShop\Release\rc.command.1.tlog
C:\Users\Alexandre\Documents\Cours\Master1_SoftwareEngineering\S1\HT1\Component_Technologies\Assignment1\COM\myCOMShop\myCOMShop\Release\rc.read.1.tlog
C:\Users\Alexandre\Documents\Cours\Master1_SoftwareEngineering\S1\HT1\Component_Technologies\Assignment1\COM\myCOMShop\myCOMShop\Release\rc.write.1.tlog
C:\USERS\ALEXANDRE\DOCUMENTS\COURS\MASTER1_SOFTWAREENGINEERING\S1\HT1\COMPONENT_TECHNOLOGIES\ASSIGNMENT1\COM\MYCOMSHOP\MYCOMSHOP\RELEASE\STDAFX.OBJ
C:\USERS\ALEXANDRE\DOCUMENTS\COURS\MASTER1_SOFTWAREENGINEERING\S1\HT1\COMPONENT_TECHNOLOGIES\ASSIGNMENT1\COM\MYCOMSHOP\MYCOMSHOP\RELEASE\VC100.PDB
C:\USERS\ALEXANDRE\DOCUMENTS\COURS\MASTER1_SOFTWAREENGINEERING\S1\HT1\COMPONENT_TECHNOLOGIES\ASSIGNMENT1\COM\MYCOMSHOP\RELEASE\MYCOMSHOP.EXE
C:\USERS\ALEXANDRE\DOCUMENTS\COURS\MASTER1_SOFTWAREENGINEERING\S1\HT1\COMPONENT_TECHNOLOGIES\ASSIGNMENT1\COM\MYCOMSHOP\RELEASE\MYCOMSHOP.PDB
