Build started 14/10/2014 14:03:31.
     1>Project "C:\Users\Alexandre\Documents\Cours\Master1_SoftwareEngineering\S1\HT1\Component_Technologies\Assignment1\COM\myCOMShop\myCOMShop\myCOMShopPS.vcxproj" on node 2 (rebuild target(s)).
     1>_PrepareForClean:
         Deleting file "Release\myCOMShopPS.lastbuildstate".
       InitializeBuildStatus:
         Touching "Release\myCOMShopPS.unsuccessfulbuild".
       PreBuildEvent:
         Description: Checking for required files
         if exist dlldata.c goto :END
         echo Error: MIDL will not generate DLLDATA.C unless you have at least 1 interface in the main project.
         Exit 1
         :END
         
         :VCEnd
       ClCompile:
         c:\Program Files (x86)\Microsoft Visual Studio 10.0\VC\bin\CL.exe /c /Zi /nologo /W1 /WX- /O2 /Oy- /D WIN32 /D REGISTER_PROXY_DLL /D NDEBUG /D _WINDLL /D _UNICODE /D UNICODE /Gm- /EHsc /MD /GS /fp:precise /Zc:wchar_t /Zc:forScope /Fo"Release\\" /Fd"Release\vc100.pdb" /Gd /TC /analyze- /errorReport:prompt dlldata.c myCOMShop_i.c myCOMShop_p.c
         dlldata.c
         myCOMShop_i.c
     1>c1 : fatal error C1083: Cannot open source file: 'myCOMShop_i.c': No such file or directory
         myCOMShop_p.c
     1>c1 : fatal error C1083: Cannot open source file: 'myCOMShop_p.c': No such file or directory
         Generating Code...
     1>Done Building Project "C:\Users\Alexandre\Documents\Cours\Master1_SoftwareEngineering\S1\HT1\Component_Technologies\Assignment1\COM\myCOMShop\myCOMShop\myCOMShopPS.vcxproj" (rebuild target(s)) -- FAILED.

Build FAILED.

Time Elapsed 00:00:00.40
