C:\Users\Alexandre\Documents\Cours\Master1_SoftwareEngineering\S1\HT1\Component_Technologies\Assignment1\Assignment1\COM\COM\myCOMShop\myShopClient\Release\cl.command.1.tlog
C:\Users\Alexandre\Documents\Cours\Master1_SoftwareEngineering\S1\HT1\Component_Technologies\Assignment1\Assignment1\COM\COM\myCOMShop\myShopClient\Release\CL.read.1.tlog
C:\Users\Alexandre\Documents\Cours\Master1_SoftwareEngineering\S1\HT1\Component_Technologies\Assignment1\Assignment1\COM\COM\myCOMShop\myShopClient\Release\CL.write.1.tlog
C:\Users\Alexandre\Documents\Cours\Master1_SoftwareEngineering\S1\HT1\Component_Technologies\Assignment1\Assignment1\COM\COM\myCOMShop\myShopClient\Release\link.command.1.tlog
C:\Users\Alexandre\Documents\Cours\Master1_SoftwareEngineering\S1\HT1\Component_Technologies\Assignment1\Assignment1\COM\COM\myCOMShop\myShopClient\Release\link.read.1.tlog
C:\Users\Alexandre\Documents\Cours\Master1_SoftwareEngineering\S1\HT1\Component_Technologies\Assignment1\Assignment1\COM\COM\myCOMShop\myShopClient\Release\link.write.1.tlog
C:\Users\Alexandre\Documents\Cours\Master1_SoftwareEngineering\S1\HT1\Component_Technologies\Assignment1\Assignment1\COM\COM\myCOMShop\myShopClient\Release\link-cvtres.read.1.tlog
C:\Users\Alexandre\Documents\Cours\Master1_SoftwareEngineering\S1\HT1\Component_Technologies\Assignment1\Assignment1\COM\COM\myCOMShop\myShopClient\Release\link-cvtres.write.1.tlog
C:\Users\Alexandre\Documents\Cours\Master1_SoftwareEngineering\S1\HT1\Component_Technologies\Assignment1\Assignment1\COM\COM\myCOMShop\myShopClient\Release\midl.command.1.tlog
C:\Users\Alexandre\Documents\Cours\Master1_SoftwareEngineering\S1\HT1\Component_Technologies\Assignment1\Assignment1\COM\COM\myCOMShop\myShopClient\Release\midl.read.1.tlog
C:\Users\Alexandre\Documents\Cours\Master1_SoftwareEngineering\S1\HT1\Component_Technologies\Assignment1\Assignment1\COM\COM\myCOMShop\myShopClient\Release\midl.write.1.tlog
C:\Users\Alexandre\Documents\Cours\Master1_SoftwareEngineering\S1\HT1\Component_Technologies\Assignment1\Assignment1\COM\COM\myCOMShop\myShopClient\Release\midl-midlc.read.1.tlog
C:\Users\Alexandre\Documents\Cours\Master1_SoftwareEngineering\S1\HT1\Component_Technologies\Assignment1\Assignment1\COM\COM\myCOMShop\myShopClient\Release\midl-midlc.write.1.tlog
C:\Users\Alexandre\Documents\Cours\Master1_SoftwareEngineering\S1\HT1\Component_Technologies\Assignment1\Assignment1\COM\COM\myCOMShop\myShopClient\Release\midl-midlc-cl.read.1.tlog
C:\Users\Alexandre\Documents\Cours\Master1_SoftwareEngineering\S1\HT1\Component_Technologies\Assignment1\Assignment1\COM\COM\myCOMShop\myShopClient\Release\midl-midlc-cl.write.1.tlog
C:\Users\Alexandre\Documents\Cours\Master1_SoftwareEngineering\S1\HT1\Component_Technologies\Assignment1\Assignment1\COM\COM\myCOMShop\myShopClient\Release\mt.command.1.tlog
C:\Users\Alexandre\Documents\Cours\Master1_SoftwareEngineering\S1\HT1\Component_Technologies\Assignment1\Assignment1\COM\COM\myCOMShop\myShopClient\Release\mt.read.1.tlog
C:\Users\Alexandre\Documents\Cours\Master1_SoftwareEngineering\S1\HT1\Component_Technologies\Assignment1\Assignment1\COM\COM\myCOMShop\myShopClient\Release\mt.write.1.tlog
C:\Users\Alexandre\Documents\Cours\Master1_SoftwareEngineering\S1\HT1\Component_Technologies\Assignment1\Assignment1\COM\COM\myCOMShop\myShopClient\Release\mycomshop.tlh
C:\Users\Alexandre\Documents\Cours\Master1_SoftwareEngineering\S1\HT1\Component_Technologies\Assignment1\Assignment1\COM\COM\myCOMShop\myShopClient\Release\myShopClient.exe.intermediate.manifest
C:\Users\Alexandre\Documents\Cours\Master1_SoftwareEngineering\S1\HT1\Component_Technologies\Assignment1\Assignment1\COM\COM\myCOMShop\myShopClient\Release\myShopClient.obj
C:\Users\Alexandre\Documents\Cours\Master1_SoftwareEngineering\S1\HT1\Component_Technologies\Assignment1\Assignment1\COM\COM\myCOMShop\myShopClient\Release\myShopClient.pch
C:\Users\Alexandre\Documents\Cours\Master1_SoftwareEngineering\S1\HT1\Component_Technologies\Assignment1\Assignment1\COM\COM\myCOMShop\myShopClient\Release\myShopClient.res
C:\Users\Alexandre\Documents\Cours\Master1_SoftwareEngineering\S1\HT1\Component_Technologies\Assignment1\Assignment1\COM\COM\myCOMShop\myShopClient\Release\myShopClient.tlb
C:\Users\Alexandre\Documents\Cours\Master1_SoftwareEngineering\S1\HT1\Component_Technologies\Assignment1\Assignment1\COM\COM\myCOMShop\myShopClient\Release\myShopClient.vcxprojResolveAssemblyReference.cache
C:\Users\Alexandre\Documents\Cours\Master1_SoftwareEngineering\S1\HT1\Component_Technologies\Assignment1\Assignment1\COM\COM\myCOMShop\myShopClient\Release\myShopClient.write.1.tlog
C:\Users\Alexandre\Documents\Cours\Master1_SoftwareEngineering\S1\HT1\Component_Technologies\Assignment1\Assignment1\COM\COM\myCOMShop\myShopClient\Release\myShopClientDlg.obj
C:\Users\Alexandre\Documents\Cours\Master1_SoftwareEngineering\S1\HT1\Component_Technologies\Assignment1\Assignment1\COM\COM\myCOMShop\myShopClient\Release\rc.command.1.tlog
C:\Users\Alexandre\Documents\Cours\Master1_SoftwareEngineering\S1\HT1\Component_Technologies\Assignment1\Assignment1\COM\COM\myCOMShop\myShopClient\Release\rc.read.1.tlog
C:\Users\Alexandre\Documents\Cours\Master1_SoftwareEngineering\S1\HT1\Component_Technologies\Assignment1\Assignment1\COM\COM\myCOMShop\myShopClient\Release\rc.write.1.tlog
C:\Users\Alexandre\Documents\Cours\Master1_SoftwareEngineering\S1\HT1\Component_Technologies\Assignment1\Assignment1\COM\COM\myCOMShop\myShopClient\Release\stdafx.obj
C:\Users\Alexandre\Documents\Cours\Master1_SoftwareEngineering\S1\HT1\Component_Technologies\Assignment1\Assignment1\COM\COM\myCOMShop\myShopClient\Release\vc100.pdb
C:\Users\Alexandre\Documents\Cours\Master1_SoftwareEngineering\S1\HT1\Component_Technologies\Assignment1\Assignment1\COM\COM\myCOMShop\Release\myShopClient.exe
C:\Users\Alexandre\Documents\Cours\Master1_SoftwareEngineering\S1\HT1\Component_Technologies\Assignment1\Assignment1\COM\COM\myCOMShop\Release\myShopClient.pdb
C:\USERS\ALEXANDRE\DOCUMENTS\COURS\MASTER1_SOFTWAREENGINEERING\S1\HT1\COMPONENT_TECHNOLOGIES\ASSIGNMENT1\COM\MYCOMSHOP\MYSHOPCLIENT\MYSHOPCLIENT_I.C
C:\USERS\ALEXANDRE\DOCUMENTS\COURS\MASTER1_SOFTWAREENGINEERING\S1\HT1\COMPONENT_TECHNOLOGIES\ASSIGNMENT1\COM\MYCOMSHOP\MYSHOPCLIENT\MYSHOPCLIENT_I.H
C:\USERS\ALEXANDRE\DOCUMENTS\COURS\MASTER1_SOFTWAREENGINEERING\S1\HT1\COMPONENT_TECHNOLOGIES\ASSIGNMENT1\COM\MYCOMSHOP\MYSHOPCLIENT\RELEASE\MYSHOPCLIENT.EXE.INTERMEDIATE.MANIFEST
C:\USERS\ALEXANDRE\DOCUMENTS\COURS\MASTER1_SOFTWAREENGINEERING\S1\HT1\COMPONENT_TECHNOLOGIES\ASSIGNMENT1\COM\MYCOMSHOP\MYSHOPCLIENT\RELEASE\MYSHOPCLIENT.OBJ
C:\USERS\ALEXANDRE\DOCUMENTS\COURS\MASTER1_SOFTWAREENGINEERING\S1\HT1\COMPONENT_TECHNOLOGIES\ASSIGNMENT1\COM\MYCOMSHOP\MYSHOPCLIENT\RELEASE\MYSHOPCLIENT.PCH
C:\USERS\ALEXANDRE\DOCUMENTS\COURS\MASTER1_SOFTWAREENGINEERING\S1\HT1\COMPONENT_TECHNOLOGIES\ASSIGNMENT1\COM\MYCOMSHOP\MYSHOPCLIENT\RELEASE\MYSHOPCLIENT.RES
C:\USERS\ALEXANDRE\DOCUMENTS\COURS\MASTER1_SOFTWAREENGINEERING\S1\HT1\COMPONENT_TECHNOLOGIES\ASSIGNMENT1\COM\MYCOMSHOP\MYSHOPCLIENT\RELEASE\MYSHOPCLIENT.TLB
C:\USERS\ALEXANDRE\DOCUMENTS\COURS\MASTER1_SOFTWAREENGINEERING\S1\HT1\COMPONENT_TECHNOLOGIES\ASSIGNMENT1\COM\MYCOMSHOP\MYSHOPCLIENT\RELEASE\MYSHOPCLIENTDLG.OBJ
C:\USERS\ALEXANDRE\DOCUMENTS\COURS\MASTER1_SOFTWAREENGINEERING\S1\HT1\COMPONENT_TECHNOLOGIES\ASSIGNMENT1\COM\MYCOMSHOP\MYSHOPCLIENT\RELEASE\STDAFX.OBJ
C:\USERS\ALEXANDRE\DOCUMENTS\COURS\MASTER1_SOFTWAREENGINEERING\S1\HT1\COMPONENT_TECHNOLOGIES\ASSIGNMENT1\COM\MYCOMSHOP\MYSHOPCLIENT\RELEASE\VC100.PDB
C:\USERS\ALEXANDRE\DOCUMENTS\COURS\MASTER1_SOFTWAREENGINEERING\S1\HT1\COMPONENT_TECHNOLOGIES\ASSIGNMENT1\COM\MYCOMSHOP\RELEASE\MYSHOPCLIENT.EXE
C:\USERS\ALEXANDRE\DOCUMENTS\COURS\MASTER1_SOFTWAREENGINEERING\S1\HT1\COMPONENT_TECHNOLOGIES\ASSIGNMENT1\COM\MYCOMSHOP\RELEASE\MYSHOPCLIENT.PDB
